<?xml version="1.0" encoding="UTF-8"?>
<testsuite xmlns:xsi="http://www.w3.org/2001/XMLSchema-instance" xsi:noNamespaceSchemaLocation="https://maven.apache.org/surefire/maven-surefire-plugin/xsd/surefire-test-report-3.0.xsd" version="3.0" name="com.ticketblitz.e2e.TicketBlitzE2ETest" time="11.466" tests="2" errors="0" skipped="0" failures="0">
  <properties>
[...]
</properties>
  <testcase name="flowA_createEventAndVerifyVector" classname="com.ticketblitz.e2e.TicketBlitzE2ETest" time="3.69">
    <system-out><![CDATA[✅ [Flow A] Event Created ID: 27
✅ [Flow A] Async: Event Vector confirmed via Kafka
]]></system-out>
  </testcase>
  <testcase name="flowB_userBookingSaga" classname="com.ticketblitz.e2e.TicketBlitzE2ETest" time="5.36">
    <system-out><![CDATA[✅ [Flow B] User ID: 8
✅ [Flow B] Booking ID: 21
✅ [Flow B] Status CONFIRMED
✅ [Flow B] Async: User History confirmed in Recommendation DB
]]></system-out>
  </testcase>
</testsuite>